# JRE version: Java(TM) SE Runtime Environment (17.0.10+11) (build 17.0.10+11-LTS-240)
# Java VM: Java HotSpot(TM) 64-Bit Server VM (17.0.10+11-LTS-240, mixed mode, emulated-client, sharing, tiered, compressed oops, compressed class ptrs, g1 gc, windows-amd64)
GC Precious Log:
 CPUs: 8 total, 8 available
 Memory: 24299M
 Large Page Support: Disabled
 NUMA Support: Disabled
 Compressed Oops: Enabled (Zero based)
 Heap Region Size: 4M
 Heap Min Capacity: 8M
 Heap Initial Capacity: 380M
 Heap Max Capacity: 6076M
 Pre-touch: Disabled
 Parallel Workers: 8
 Concurrent Workers: 2
 Concurrent Refinement Workers: 8
 Periodic GC: Disabled
Heap:
 garbage-first heap   total 528384K, used 46653K [0x0000000684400000, 0x0000000800000000)
  region size 4096K, 4 young (16384K), 4 survivors (16384K)
 Metaspace       used 57562K, committed 58112K, reserved 1114112K
  class space    used 8043K, committed 8320K, reserved 1048576K
GC Heap History (20 events):
Event: 192.982 GC heap after
{Heap after GC invocations=95 (full 0):
 garbage-first heap   total 352256K, used 34981K [0x0000000684400000, 0x0000000800000000)
  region size 4096K, 4 young (16384K), 4 survivors (16384K)
 Metaspace       used 57562K, committed 58112K, reserved 1114112K
  class space    used 8043K, committed 8320K, reserved 1048576K
}
Event: 193.265 GC heap before
{Heap before GC invocations=95 (full 0):
 garbage-first heap   total 352256K, used 227493K [0x0000000684400000, 0x0000000800000000)
  region size 4096K, 51 young (208896K), 4 survivors (16384K)
 Metaspace       used 57562K, committed 58112K, reserved 1114112K
  class space    used 8043K, committed 8320K, reserved 1048576K
}
Event: 193.274 GC heap after
{Heap after GC invocations=96 (full 0):
 garbage-first heap   total 352256K, used 35753K [0x0000000684400000, 0x0000000800000000)
  region size 4096K, 4 young (16384K), 4 survivors (16384K)
 Metaspace       used 57562K, committed 58112K, reserved 1114112K
  class space    used 8043K, committed 8320K, reserved 1048576K
}
Event: 193.488 GC heap before
{Heap before GC invocations=96 (full 0):
 garbage-first heap   total 352256K, used 228265K [0x0000000684400000, 0x0000000800000000)
  region size 4096K, 51 young (208896K), 4 survivors (16384K)
 Metaspace       used 57562K, committed 58112K, reserved 1114112K
  class space    used 8043K, committed 8320K, reserved 1048576K
}
Event: 193.496 GC heap after
{Heap after GC invocations=97 (full 0):
 garbage-first heap   total 438272K, used 36885K [0x0000000684400000, 0x0000000800000000)
  region size 4096K, 4 young (16384K), 4 survivors (16384K)
 Metaspace       used 57562K, committed 58112K, reserved 1114112K
  class space    used 8043K, committed 8320K, reserved 1048576K
}
Event: 193.939 GC heap before
{Heap before GC invocations=97 (full 0):
 garbage-first heap   total 438272K, used 282645K [0x0000000684400000, 0x0000000800000000)
  region size 4096K, 64 young (262144K), 4 survivors (16384K)
 Metaspace       used 57562K, committed 58112K, reserved 1114112K
  class space    used 8043K, committed 8320K, reserved 1048576K
}
Event: 193.945 GC heap after
{Heap after GC invocations=98 (full 0):
 garbage-first heap   total 438272K, used 37957K [0x0000000684400000, 0x0000000800000000)
  region size 4096K, 3 young (12288K), 3 survivors (12288K)
 Metaspace       used 57562K, committed 58112K, reserved 1114112K
  class space    used 8043K, committed 8320K, reserved 1048576K
}
Event: 194.312 GC heap before
{Heap before GC invocations=98 (full 0):
 garbage-first heap   total 438272K, used 287813K [0x0000000684400000, 0x0000000800000000)
  region size 4096K, 64 young (262144K), 3 survivors (12288K)
 Metaspace       used 57562K, committed 58112K, reserved 1114112K
  class space    used 8043K, committed 8320K, reserved 1048576K
}
Event: 194.318 GC heap after
{Heap after GC invocations=99 (full 0):
 garbage-first heap   total 438272K, used 38644K [0x0000000684400000, 0x0000000800000000)
  region size 4096K, 3 young (12288K), 3 survivors (12288K)
 Metaspace       used 57562K, committed 58112K, reserved 1114112K
  class space    used 8043K, committed 8320K, reserved 1048576K
}
Event: 194.656 GC heap before
{Heap before GC invocations=99 (full 0):
 garbage-first heap   total 438272K, used 288500K [0x0000000684400000, 0x0000000800000000)
  region size 4096K, 64 young (262144K), 3 survivors (12288K)
 Metaspace       used 57562K, committed 58112K, reserved 1114112K
  class space    used 8043K, committed 8320K, reserved 1048576K
}
Event: 194.661 GC heap after
{Heap after GC invocations=100 (full 0):
 garbage-first heap   total 438272K, used 39790K [0x0000000684400000, 0x0000000800000000)
  region size 4096K, 3 young (12288K), 3 survivors (12288K)
 Metaspace       used 57562K, committed 58112K, reserved 1114112K
  class space    used 8043K, committed 8320K, reserved 1048576K
}
Event: 194.944 GC heap before
{Heap before GC invocations=100 (full 0):
 garbage-first heap   total 438272K, used 289646K [0x0000000684400000, 0x0000000800000000)
  region size 4096K, 64 young (262144K), 3 survivors (12288K)
 Metaspace       used 57562K, committed 58112K, reserved 1114112K
  class space    used 8043K, committed 8320K, reserved 1048576K
}
Event: 194.951 GC heap after
{Heap after GC invocations=101 (full 0):
 garbage-first heap   total 528384K, used 40502K [0x0000000684400000, 0x0000000800000000)
  region size 4096K, 3 young (12288K), 3 survivors (12288K)
 Metaspace       used 57562K, committed 58112K, reserved 1114112K
  class space    used 8043K, committed 8320K, reserved 1048576K
}
Event: 195.314 GC heap before
{Heap before GC invocations=101 (full 0):
 garbage-first heap   total 528384K, used 339510K [0x0000000684400000, 0x0000000800000000)
  region size 4096K, 77 young (315392K), 3 survivors (12288K)
 Metaspace       used 57562K, committed 58112K, reserved 1114112K
  class space    used 8043K, committed 8320K, reserved 1048576K
}
Event: 195.319 GC heap after
{Heap after GC invocations=102 (full 0):
 garbage-first heap   total 528384K, used 42247K [0x0000000684400000, 0x0000000800000000)
  region size 4096K, 4 young (16384K), 4 survivors (16384K)
 Metaspace       used 57562K, committed 58112K, reserved 1114112K
  class space    used 8043K, committed 8320K, reserved 1048576K
}
Event: 195.663 GC heap before
{Heap before GC invocations=102 (full 0):
 garbage-first heap   total 528384K, used 341255K [0x0000000684400000, 0x0000000800000000)
  region size 4096K, 77 young (315392K), 4 survivors (16384K)
 Metaspace       used 57562K, committed 58112K, reserved 1114112K
  class space    used 8043K, committed 8320K, reserved 1048576K
}
Event: 195.669 GC heap after
{Heap after GC invocations=103 (full 0):
 garbage-first heap   total 528384K, used 43725K [0x0000000684400000, 0x0000000800000000)
  region size 4096K, 4 young (16384K), 4 survivors (16384K)
 Metaspace       used 57562K, committed 58112K, reserved 1114112K
  class space    used 8043K, committed 8320K, reserved 1048576K
}
Event: 195.976 GC heap before
{Heap before GC invocations=103 (full 0):
 garbage-first heap   total 528384K, used 342733K [0x0000000684400000, 0x0000000800000000)
  region size 4096K, 77 young (315392K), 4 survivors (16384K)
 Metaspace       used 57562K, committed 58112K, reserved 1114112K
  class space    used 8043K, committed 8320K, reserved 1048576K
}
Event: 195.982 GC heap after
{Heap after GC invocations=104 (full 0):
 garbage-first heap   total 528384K, used 44799K [0x0000000684400000, 0x0000000800000000)
  region size 4096K, 4 young (16384K), 4 survivors (16384K)
 Metaspace       used 57562K, committed 58112K, reserved 1114112K
  class space    used 8043K, committed 8320K, reserved 1048576K
}
Event: 196.276 GC heap before
{Heap before GC invocations=104 (full 0):
 garbage-first heap   total 528384K, used 343807K [0x0000000684400000, 0x0000000800000000)
  region size 4096K, 77 young (315392K), 4 survivors (16384K)
 Metaspace       used 57562K, committed 58112K, reserved 1114112K
  class space    used 8043K, committed 8320K, reserved 1048576K
}

