# JRE version: Java(TM) SE Runtime Environment (17.0.10+11) (build 17.0.10+11-LTS-240)
# Java VM: Java HotSpot(TM) 64-Bit Server VM (17.0.10+11-LTS-240, mixed mode, emulated-client, sharing, tiered, compressed oops, compressed class ptrs, g1 gc, windows-amd64)
GC Precious Log:
 CPUs: 8 total, 8 available
 Memory: 24299M
 Large Page Support: Disabled
 NUMA Support: Disabled
 Compressed Oops: Enabled (Zero based)
 Heap Region Size: 4M
 Heap Min Capacity: 8M
 Heap Initial Capacity: 380M
 Heap Max Capacity: 6076M
 Pre-touch: Disabled
 Parallel Workers: 8
 Concurrent Workers: 2
 Concurrent Refinement Workers: 8
 Periodic GC: Disabled
Heap:
 garbage-first heap   total 897024K, used 77549K [0x0000000684400000, 0x0000000800000000)
  region size 4096K, 6 young (24576K), 6 survivors (24576K)
 Metaspace       used 57545K, committed 58048K, reserved 1114112K
  class space    used 8039K, committed 8256K, reserved 1048576K
GC Heap History (20 events):
Event: 27.244 GC heap after
{Heap after GC invocations=78 (full 0):
 garbage-first heap   total 745472K, used 47927K [0x0000000684400000, 0x0000000800000000)
  region size 4096K, 5 young (20480K), 5 survivors (20480K)
 Metaspace       used 57544K, committed 58048K, reserved 1114112K
  class space    used 8039K, committed 8256K, reserved 1048576K
}
Event: 27.709 GC heap before
{Heap before GC invocations=78 (full 0):
 garbage-first heap   total 745472K, used 482103K [0x0000000684400000, 0x0000000800000000)
  region size 4096K, 109 young (446464K), 5 survivors (20480K)
 Metaspace       used 57544K, committed 58048K, reserved 1114112K
  class space    used 8039K, committed 8256K, reserved 1048576K
}
Event: 27.717 GC heap after
{Heap after GC invocations=79 (full 0):
 garbage-first heap   total 745472K, used 54555K [0x0000000684400000, 0x0000000800000000)
  region size 4096K, 4 young (16384K), 4 survivors (16384K)
 Metaspace       used 57544K, committed 58048K, reserved 1114112K
  class space    used 8039K, committed 8256K, reserved 1048576K
}
Event: 28.217 GC heap before
{Heap before GC invocations=79 (full 0):
 garbage-first heap   total 745472K, used 484635K [0x0000000684400000, 0x0000000800000000)
  region size 4096K, 109 young (446464K), 4 survivors (16384K)
 Metaspace       used 57544K, committed 58048K, reserved 1114112K
  class space    used 8039K, committed 8256K, reserved 1048576K
}
Event: 28.237 GC heap after
{Heap after GC invocations=80 (full 0):
 garbage-first heap   total 745472K, used 56038K [0x0000000684400000, 0x0000000800000000)
  region size 4096K, 5 young (20480K), 5 survivors (20480K)
 Metaspace       used 57544K, committed 58048K, reserved 1114112K
  class space    used 8039K, committed 8256K, reserved 1048576K
}
Event: 28.652 GC heap before
{Heap before GC invocations=80 (full 0):
 garbage-first heap   total 745472K, used 482022K [0x0000000684400000, 0x0000000800000000)
  region size 4096K, 109 young (446464K), 5 survivors (20480K)
 Metaspace       used 57544K, committed 58048K, reserved 1114112K
  class space    used 8039K, committed 8256K, reserved 1048576K
}
Event: 28.660 GC heap after
{Heap after GC invocations=81 (full 0):
 garbage-first heap   total 745472K, used 57722K [0x0000000684400000, 0x0000000800000000)
  region size 4096K, 5 young (20480K), 5 survivors (20480K)
 Metaspace       used 57544K, committed 58048K, reserved 1114112K
  class space    used 8039K, committed 8256K, reserved 1048576K
}
Event: 29.066 GC heap before
{Heap before GC invocations=81 (full 0):
 garbage-first heap   total 745472K, used 483706K [0x0000000684400000, 0x0000000800000000)
  region size 4096K, 109 young (446464K), 5 survivors (20480K)
 Metaspace       used 57544K, committed 58048K, reserved 1114112K
  class space    used 8039K, committed 8256K, reserved 1048576K
}
Event: 29.075 GC heap after
{Heap after GC invocations=82 (full 0):
 garbage-first heap   total 897024K, used 59897K [0x0000000684400000, 0x0000000800000000)
  region size 4096K, 5 young (20480K), 5 survivors (20480K)
 Metaspace       used 57544K, committed 58048K, reserved 1114112K
  class space    used 8039K, committed 8256K, reserved 1048576K
}
Event: 29.566 GC heap before
{Heap before GC invocations=82 (full 0):
 garbage-first heap   total 897024K, used 575993K [0x0000000684400000, 0x0000000800000000)
  region size 4096K, 131 young (536576K), 5 survivors (20480K)
 Metaspace       used 57544K, committed 58048K, reserved 1114112K
  class space    used 8039K, committed 8256K, reserved 1048576K
}
Event: 29.576 GC heap after
{Heap after GC invocations=83 (full 0):
 garbage-first heap   total 897024K, used 60810K [0x0000000684400000, 0x0000000800000000)
  region size 4096K, 5 young (20480K), 5 survivors (20480K)
 Metaspace       used 57544K, committed 58048K, reserved 1114112K
  class space    used 8039K, committed 8256K, reserved 1048576K
}
Event: 30.268 GC heap before
{Heap before GC invocations=83 (full 0):
 garbage-first heap   total 897024K, used 585098K [0x0000000684400000, 0x0000000800000000)
  region size 4096K, 131 young (536576K), 5 survivors (20480K)
 Metaspace       used 57544K, committed 58048K, reserved 1114112K
  class space    used 8039K, committed 8256K, reserved 1048576K
}
Event: 30.285 GC heap after
{Heap after GC invocations=84 (full 0):
 garbage-first heap   total 897024K, used 71825K [0x0000000684400000, 0x0000000800000000)
  region size 4096K, 6 young (24576K), 6 survivors (24576K)
 Metaspace       used 57544K, committed 58048K, reserved 1114112K
  class space    used 8039K, committed 8256K, reserved 1048576K
}
Event: 30.685 GC heap before
{Heap before GC invocations=84 (full 0):
 garbage-first heap   total 897024K, used 583825K [0x0000000684400000, 0x0000000800000000)
  region size 4096K, 131 young (536576K), 6 survivors (24576K)
 Metaspace       used 57544K, committed 58048K, reserved 1114112K
  class space    used 8039K, committed 8256K, reserved 1048576K
}
Event: 30.696 GC heap after
{Heap after GC invocations=85 (full 0):
 garbage-first heap   total 897024K, used 72415K [0x0000000684400000, 0x0000000800000000)
  region size 4096K, 6 young (24576K), 6 survivors (24576K)
 Metaspace       used 57544K, committed 58048K, reserved 1114112K
  class space    used 8039K, committed 8256K, reserved 1048576K
}
Event: 31.166 GC heap before
{Heap before GC invocations=85 (full 0):
 garbage-first heap   total 897024K, used 584415K [0x0000000684400000, 0x0000000800000000)
  region size 4096K, 131 young (536576K), 6 survivors (24576K)
 Metaspace       used 57545K, committed 58048K, reserved 1114112K
  class space    used 8039K, committed 8256K, reserved 1048576K
}
Event: 31.178 GC heap after
{Heap after GC invocations=86 (full 0):
 garbage-first heap   total 897024K, used 74869K [0x0000000684400000, 0x0000000800000000)
  region size 4096K, 6 young (24576K), 6 survivors (24576K)
 Metaspace       used 57545K, committed 58048K, reserved 1114112K
  class space    used 8039K, committed 8256K, reserved 1048576K
}
Event: 31.602 GC heap before
{Heap before GC invocations=86 (full 0):
 garbage-first heap   total 897024K, used 586869K [0x0000000684400000, 0x0000000800000000)
  region size 4096K, 131 young (536576K), 6 survivors (24576K)
 Metaspace       used 57545K, committed 58048K, reserved 1114112K
  class space    used 8039K, committed 8256K, reserved 1048576K
}
Event: 31.614 GC heap after
{Heap after GC invocations=87 (full 0):
 garbage-first heap   total 897024K, used 76469K [0x0000000684400000, 0x0000000800000000)
  region size 4096K, 6 young (24576K), 6 survivors (24576K)
 Metaspace       used 57545K, committed 58048K, reserved 1114112K
  class space    used 8039K, committed 8256K, reserved 1048576K
}
Event: 32.274 GC heap before
{Heap before GC invocations=87 (full 0):
 garbage-first heap   total 897024K, used 588469K [0x0000000684400000, 0x0000000800000000)
  region size 4096K, 131 young (536576K), 6 survivors (24576K)
 Metaspace       used 57545K, committed 58048K, reserved 1114112K
  class space    used 8039K, committed 8256K, reserved 1048576K
}

